app/build/intermediates/manifest_merge_blame_file/debug/manifest-merger-blame-debug-report.txt
1<?xml version="1.0" encoding="utf-8"?>
2<manifest xmlns:android="http://schemas.android.com/apk/res/android"
3    package="com.example.ec3"
4    android:versionCode="1"
5    android:versionName="1.0" >
6
7    <uses-sdk
8        android:minSdkVersion="24"
8-->src\main\AndroidManifest.xml
9        android:targetSdkVersion="33" />
9-->src\main\AndroidManifest.xml
10
11    <uses-permission android:name="android.permission.INTERNET" />
11-->src\main\AndroidManifest.xml:5:5-67
11-->src\main\AndroidManifest.xml:5:22-64
12
13    <permission
13-->[androidx.core:core:1.9.0] AndroidManifest.xml:22:5-24:47
14        android:name="com.example.ec3.DYNAMIC_RECEIVER_NOT_EXPORTED_PERMISSION"
14-->[androidx.core:core:1.9.0] AndroidManifest.xml:23:9-81
15        android:protectionLevel="signature" />
15-->[androidx.core:core:1.9.0] AndroidManifest.xml:24:9-44
16
17    <uses-permission android:name="com.example.ec3.DYNAMIC_RECEIVER_NOT_EXPORTED_PERMISSION" />
17-->[androidx.core:core:1.9.0] AndroidManifest.xml:26:5-97
17-->[androidx.core:core:1.9.0] AndroidManifest.xml:26:22-94
18
19    <application
19-->src\main\AndroidManifest.xml:6:5-26:19
20        android:allowBackup="true"
20-->src\main\AndroidManifest.xml:7:9-35
21        android:appComponentFactory="androidx.core.app.CoreComponentFactory"
21-->[androidx.core:core:1.9.0] AndroidManifest.xml:28:18-86
22        android:dataExtractionRules="@xml/data_extraction_rules"
22-->src\main\AndroidManifest.xml:8:9-65
23        android:debuggable="true"
24        android:extractNativeLibs="false"
25        android:fullBackupContent="@xml/backup_rules"
25-->src\main\AndroidManifest.xml:9:9-54
26        android:icon="@mipmap/ic_launcher"
26-->src\main\AndroidManifest.xml:10:9-43
27        android:label="@string/app_name"
27-->src\main\AndroidManifest.xml:11:9-41
28        android:supportsRtl="true"
28-->src\main\AndroidManifest.xml:12:9-35
29        android:theme="@style/Theme.EC3" >
29-->src\main\AndroidManifest.xml:13:9-41
30        <activity
30-->src\main\AndroidManifest.xml:15:9-17:40
31            android:name="com.example.ec3.view.MainActivity"
31-->src\main\AndroidManifest.xml:16:13-46
32            android:exported="false" />
32-->src\main\AndroidManifest.xml:17:13-37
33        <activity
33-->src\main\AndroidManifest.xml:18:9-25:20
34            android:name="com.example.ec3.view.LoginActivity"
34-->src\main\AndroidManifest.xml:19:13-47
35            android:exported="true" >
35-->src\main\AndroidManifest.xml:20:13-36
36            <intent-filter>
36-->src\main\AndroidManifest.xml:21:13-24:29
37                <action android:name="android.intent.action.MAIN" />
37-->src\main\AndroidManifest.xml:22:17-69
37-->src\main\AndroidManifest.xml:22:25-66
38
39                <category android:name="android.intent.category.LAUNCHER" />
39-->src\main\AndroidManifest.xml:23:17-77
39-->src\main\AndroidManifest.xml:23:27-74
40            </intent-filter>
41        </activity>
42
43        <provider
43-->[androidx.emoji2:emoji2:1.2.0] AndroidManifest.xml:24:9-32:20
44            android:name="androidx.startup.InitializationProvider"
44-->[androidx.emoji2:emoji2:1.2.0] AndroidManifest.xml:25:13-67
45            android:authorities="com.example.ec3.androidx-startup"
45-->[androidx.emoji2:emoji2:1.2.0] AndroidManifest.xml:26:13-68
46            android:exported="false" >
46-->[androidx.emoji2:emoji2:1.2.0] AndroidManifest.xml:27:13-37
47            <meta-data
47-->[androidx.emoji2:emoji2:1.2.0] AndroidManifest.xml:29:13-31:52
48                android:name="androidx.emoji2.text.EmojiCompatInitializer"
48-->[androidx.emoji2:emoji2:1.2.0] AndroidManifest.xml:30:17-75
49                android:value="androidx.startup" />
49-->[androidx.emoji2:emoji2:1.2.0] AndroidManifest.xml:31:17-49
50            <meta-data
50-->[androidx.lifecycle:lifecycle-process:2.6.1] AndroidManifest.xml:29:13-31:52
51                android:name="androidx.lifecycle.ProcessLifecycleInitializer"
51-->[androidx.lifecycle:lifecycle-process:2.6.1] AndroidManifest.xml:30:17-78
52                android:value="androidx.startup" />
52-->[androidx.lifecycle:lifecycle-process:2.6.1] AndroidManifest.xml:31:17-49
53            <meta-data
53-->[androidx.profileinstaller:profileinstaller:1.3.0] AndroidManifest.xml:29:13-31:52
54                android:name="androidx.profileinstaller.ProfileInstallerInitializer"
54-->[androidx.profileinstaller:profileinstaller:1.3.0] AndroidManifest.xml:30:17-85
55                android:value="androidx.startup" />
55-->[androidx.profileinstaller:profileinstaller:1.3.0] AndroidManifest.xml:31:17-49
56        </provider>
57
58        <meta-data
58-->[com.google.android.gms:play-services-basement:18.1.0] AndroidManifest.xml:21:9-23:69
59            android:name="com.google.android.gms.version"
59-->[com.google.android.gms:play-services-basement:18.1.0] AndroidManifest.xml:22:13-58
60            android:value="@integer/google_play_services_version" />
60-->[com.google.android.gms:play-services-basement:18.1.0] AndroidManifest.xml:23:13-66
61
62        <uses-library
62-->[androidx.window:window:1.0.0] AndroidManifest.xml:25:9-27:40
63            android:name="androidx.window.extensions"
63-->[androidx.window:window:1.0.0] AndroidManifest.xml:26:13-54
64            android:required="false" />
64-->[androidx.window:window:1.0.0] AndroidManifest.xml:27:13-37
65        <uses-library
65-->[androidx.window:window:1.0.0] AndroidManifest.xml:28:9-30:40
66            android:name="androidx.window.sidecar"
66-->[androidx.window:window:1.0.0] AndroidManifest.xml:29:13-51
67            android:required="false" />
67-->[androidx.window:window:1.0.0] AndroidManifest.xml:30:13-37
68
69        <receiver
69-->[androidx.profileinstaller:profileinstaller:1.3.0] AndroidManifest.xml:34:9-52:20
70            android:name="androidx.profileinstaller.ProfileInstallReceiver"
70-->[androidx.profileinstaller:profileinstaller:1.3.0] AndroidManifest.xml:35:13-76
71            android:directBootAware="false"
71-->[androidx.profileinstaller:profileinstaller:1.3.0] AndroidManifest.xml:36:13-44
72            android:enabled="true"
72-->[androidx.profileinstaller:profileinstaller:1.3.0] AndroidManifest.xml:37:13-35
73            android:exported="true"
73-->[androidx.profileinstaller:profileinstaller:1.3.0] AndroidManifest.xml:38:13-36
74            android:permission="android.permission.DUMP" >
74-->[androidx.profileinstaller:profileinstaller:1.3.0] AndroidManifest.xml:39:13-57
75            <intent-filter>
75-->[androidx.profileinstaller:profileinstaller:1.3.0] AndroidManifest.xml:40:13-42:29
76                <action android:name="androidx.profileinstaller.action.INSTALL_PROFILE" />
76-->[androidx.profileinstaller:profileinstaller:1.3.0] AndroidManifest.xml:41:17-91
76-->[androidx.profileinstaller:profileinstaller:1.3.0] AndroidManifest.xml:41:25-88
77            </intent-filter>
78            <intent-filter>
78-->[androidx.profileinstaller:profileinstaller:1.3.0] AndroidManifest.xml:43:13-45:29
79                <action android:name="androidx.profileinstaller.action.SKIP_FILE" />
79-->[androidx.profileinstaller:profileinstaller:1.3.0] AndroidManifest.xml:44:17-85
79-->[androidx.profileinstaller:profileinstaller:1.3.0] AndroidManifest.xml:44:25-82
80            </intent-filter>
81            <intent-filter>
81-->[androidx.profileinstaller:profileinstaller:1.3.0] AndroidManifest.xml:46:13-48:29
82                <action android:name="androidx.profileinstaller.action.SAVE_PROFILE" />
82-->[androidx.profileinstaller:profileinstaller:1.3.0] AndroidManifest.xml:47:17-88
82-->[androidx.profileinstaller:profileinstaller:1.3.0] AndroidManifest.xml:47:25-85
83            </intent-filter>
84            <intent-filter>
84-->[androidx.profileinstaller:profileinstaller:1.3.0] AndroidManifest.xml:49:13-51:29
85                <action android:name="androidx.profileinstaller.action.BENCHMARK_OPERATION" />
85-->[androidx.profileinstaller:profileinstaller:1.3.0] AndroidManifest.xml:50:17-95
85-->[androidx.profileinstaller:profileinstaller:1.3.0] AndroidManifest.xml:50:25-92
86            </intent-filter>
87        </receiver> <!-- The activities will be merged into the manifest of the hosting app. -->
88        <activity
88-->[com.google.android.play:core-common:2.0.2] AndroidManifest.xml:14:9-18:65
89            android:name="com.google.android.play.core.common.PlayCoreDialogWrapperActivity"
89-->[com.google.android.play:core-common:2.0.2] AndroidManifest.xml:15:13-93
90            android:exported="false"
90-->[com.google.android.play:core-common:2.0.2] AndroidManifest.xml:16:13-37
91            android:stateNotNeeded="true"
91-->[com.google.android.play:core-common:2.0.2] AndroidManifest.xml:17:13-42
92            android:theme="@style/Theme.PlayCore.Transparent" />
92-->[com.google.android.play:core-common:2.0.2] AndroidManifest.xml:18:13-62
93    </application>
94
95</manifest>